#
# A fatal error has been detected by the Java Runtime Environment:
#
#  EXCEPTION_ACCESS_VIOLATION (0xc0000005) at pc=0x000001a740ec07d0, pid=18468, tid=18384
#
# JRE version: OpenJDK Runtime Environment Temurin-21.0.9+10 (21.0.9+10) (build 21.0.9+10-LTS)
# Java VM: OpenJDK 64-Bit Server VM Temurin-21.0.9+10 (21.0.9+10-LTS, mixed mode, emulated-client, sharing, tiered, compressed oops, compressed class ptrs, g1 gc, windows-amd64)
# Problematic frame:
# v  ~BufferBlob::MethodHandles adapters 0x000001a740ec07d0
#
# No core dump will be written. Minidumps are not enabled by default on client versions of Windows
#
# If you would like to submit a bug report, please visit:
#   https://github.com/adoptium/adoptium-support/issues
#

---------------  S U M M A R Y ------------

Command Line: -XX:+ShowCodeDetailsInExceptionMessages -agentlib:jdwp=transport=dt_socket,suspend=y,address=localhost:55442 -Dcom.sun.management.jmxremote -Dcom.sun.management.jmxremote.port=55441 -Dcom.sun.management.jmxremote.authenticate=false -Dcom.sun.management.jmxremote.ssl=false -Djava.rmi.server.hostname=localhost -Dspring.jmx.enabled=true -Dmanagement.endpoints.jmx.exposure.include=* -Dspring.application.admin.enabled=true -Dspring.output.ansi.enabled=always -XX:TieredStopAtLevel=1 -Dspring.boot.project.name=ZaikoKanri -javaagent:C:\pleiades\2025-12\eclipse\configuration\org.eclipse.osgi\258\0\.cp\lib\javaagent-shaded.jar -Dfile.encoding=UTF-8 -Dstdout.encoding=UTF-8 -Dstderr.encoding=UTF-8 com.example.demo.ZaikoKanriApplication

Host: 11th Gen Intel(R) Core(TM) i5-1155G7 @ 2.50GHz, 8 cores, 15G,  Windows 11 , 64 bit Build 26100 (10.0.26100.7623)
Time: Fri Feb 13 14:12:25 2026 elapsed time: 244.815962 seconds (0d 0h 4m 4s)

---------------  T H R E A D  ---------------

Current thread (0x000001a792bd7a20):  JavaThread "restartedMain"        [_thread_in_Java, id=18384, stack(0x0000000b81b00000,0x0000000b81c00000) (1024K)]

Stack: [0x0000000b81b00000,0x0000000b81c00000],  sp=0x0000000b81bfdc08,  free space=1015k
Native frames: (J=compiled Java code, j=interpreted, Vv=VM code, C=native code)
C  0x000001a740ec07d0

The last pc belongs to _linkToSpecial (printed below).

siginfo: EXCEPTION_ACCESS_VIOLATION (0xc0000005), reading address 0xffffffffffffffff


Registers:
RAX=0x000001a740e99086, RBX=0xe0b9500200000001, RCX=0x0000000b81bfdc10, RDX=0x0000000000000002
RSP=0x0000000b81bfdc08, RBP=0x0000000b81bfdc58, RSI=0x000001a791f0bc68, RDI=0x000001a792c07910
R8 =0x0000000000000003, R9 =0x000001a7924d5f00, R10=0x00007ffb345fd440, R11=0x0000000000000004
R12=0x0000000000000000, R13=0x0000000b81bfdc08, R14=0x0000000b81bfdc78, R15=0x000001a792bd7a20
RIP=0x000001a740ec07d0, EFLAGS=0x0000000000010202

XMM[0]=0x0000000000000000 0x0000000000000000
XMM[1]=0x0000000000000000 0x0000000000000000
XMM[2]=0x0000000000000000 0x0000000000000000
XMM[3]=0x0000000000000000 0x0000000000000000
XMM[4]=0x0000000000000000 0x0000000000000000
XMM[5]=0x0000000000000000 0x0000000000000000
XMM[6]=0x0000000000000000 0x0000000000000000
XMM[7]=0x0000000000000000 0x0000000000000000
XMM[8]=0x0000000000000000 0x0000000000000000
XMM[9]=0x0000000000000000 0x0000000000000000
XMM[10]=0x0000000000000000 0x0000000000000000
XMM[11]=0x0000000000000000 0x0000000000000000
XMM[12]=0x0000000000000000 0x0000000000000000
XMM[13]=0x0000000000000000 0x0000000000000000
XMM[14]=0x0000000000000000 0x0000000000000000
XMM[15]=0x0000000000000000 0x0000000000000000
  MXCSR=0x00001fa0


Register to memory mapping:

RAX=0x000001a740e99086 is at code_begin+3078 in an Interpreter codelet
return entry points  [0x000001a740e98480, 0x000001a740e9a298]  7704 bytes
RBX=0xe0b9500200000001 is an unknown value
RCX=0x0000000b81bfdc10 is pointing into the stack for thread: 0x000001a792bd7a20
RDX=0x0000000000000002 is an unknown value
RSP=0x0000000b81bfdc08 is pointing into the stack for thread: 0x000001a792bd7a20
RBP=0x0000000b81bfdc58 is pointing into the stack for thread: 0x000001a792bd7a20
RSI=0x000001a791f0bc68 points into unknown readable memory: 0x800014006d4ba1f0 | f0 a1 4b 6d 00 14 00 80
RDI=0x000001a792c07910 points into unknown readable memory: 0x0000001800000070 | 70 00 00 00 18 00 00 00
R8 =0x0000000000000003 is an unknown value
R9 =0x000001a7924d5f00 points into unknown readable memory: 0x0000001e00000003 | 03 00 00 00 1e 00 00 00
R10=0x00007ffb345fd440 jvm.dll
R11=0x0000000000000004 is an unknown value
R12=0x0 is null
R13=0x0000000b81bfdc08 is pointing into the stack for thread: 0x000001a792bd7a20
R14=0x0000000b81bfdc78 is pointing into the stack for thread: 0x000001a792bd7a20
R15=0x000001a792bd7a20 is a thread

Top of Stack: (sp=0x0000000b81bfdc08)
0x0000000b81bfdc08:   000001a740e99086 0000000b81bfdc10
0x0000000b81bfdc18:   000001a74c72b987 0000000000000004
0x0000000b81bfdc28:   000001a74c0b0d70 0000000706d35468
0x0000000b81bfdc38:   0000000703771488 000001a74c0b58b8
0x0000000b81bfdc48:   0000000b81bfdc08 0000000b81bfdc80
0x0000000b81bfdc58:   0000000b81bfdff0 000001a7412394cb
0x0000000b81bfdc68:   0000000705ca7f18 0000000705ca7fc0
0x0000000b81bfdc78:   0000000705ca7f78 0000000705ca7cd8
0x0000000b81bfdc88:   00007ffb33ecf561 0000000b81bfdff0
0x0000000b81bfdc98:   000001a7417a6b0c 0000000000000000
0x0000000b81bfdca8:   0000000000000000 00007ffb754a7090
0x0000000b81bfdcb8:   00007ffb33ecf9b7 00007ffb754a1ef0
0x0000000b81bfdcc8:   000001a7914b8d90 000001a79196ed00
0x0000000b81bfdcd8:   00007ffb33ecf2df 0000000000000004
0x0000000b81bfdce8:   00007ffb754945da 00007ffb754a2bb0
0x0000000b81bfdcf8:   0000000703770708 0000000706d35468
0x0000000b81bfdd08:   0000000705ca7ba0 0000000705ca7ba0
0x0000000b81bfdd18:   0000000705ca7cd8 0000000705ca7fa8
0x0000000b81bfdd28:   0000000705ca7d30 0000000706d35468
0x0000000b81bfdd38:   0000000000000001 0000000b81bfdff0
0x0000000b81bfdd48:   000001a700000000 0000000000000000
0x0000000b81bfdd58:   0000000000000000 0000000705ca7f78
0x0000000b81bfdd68:   000001a74123a6dc 0000000000000000
0x0000000b81bfdd78:   0000000000000000 0000000000000000
0x0000000b81bfdd88:   000001a7411d1000 000001a792bd7a20
0x0000000b81bfdd98:   0000000000000000 0000000705ca7cd8
0x0000000b81bfdda8:   0000000000000000 0000000705ca7ba0
0x0000000b81bfddb8:   0000000705ca7fa8 0000000705ca7cd8
0x0000000b81bfddc8:   0000000000000000 0000000705ca7c00
0x0000000b81bfddd8:   000001a7412389ec 0000000b81bfdff0
0x0000000b81bfdde8:   000001a741235fea 0000000000000000
0x0000000b81bfddf8:   000001a741146e29 000001a792bd7a20 

Instructions: (pc=0x000001a740ec07d0)
0x000001a740ec06d0:   bf d8 05 00 00 00 74 03 ff 63 38 ff 63 50 e9 9d
0x000001a740ec06e0:   16 00 00 66 66 66 0f 1f 84 00 00 00 00 00 66 66
0x000001a740ec06f0:   66 90 66 66 0f 1f 84 00 00 00 00 00 66 66 66 90
0x000001a740ec0700:   48 8b 53 08 0f b7 52 2e 48 8b 0c d4 58 5b 50 44
0x000001a740ec0710:   8b 51 08 49 bb 00 00 00 4c a7 01 00 00 4d 03 d3
0x000001a740ec0720:   4c 8b 5b 10 4b 8b 9c da d0 01 00 00 48 85 db 0f
0x000001a740ec0730:   84 10 00 00 00 41 80 bf d8 05 00 00 00 74 03 ff
0x000001a740ec0740:   63 38 ff 63 50 e9 36 16 00 00 66 66 66 0f 1f 84
0x000001a740ec0750:   00 00 00 00 00 66 66 66 90 0f 1f 80 00 00 00 00
0x000001a740ec0760:   58 5b 50 8b 5b 24 48 c1 e3 03 48 8b 5b 10 48 85
0x000001a740ec0770:   db 0f 84 10 00 00 00 41 80 bf d8 05 00 00 00 74
0x000001a740ec0780:   03 ff 63 38 ff 63 50 e9 f4 15 00 00 66 66 66 0f
0x000001a740ec0790:   1f 84 00 00 00 00 00 66 66 66 90 0f 1f 44 00 00
0x000001a740ec07a0:   48 8b 53 08 0f b7 52 2e 48 8b 0c d4 58 5b 50 48
0x000001a740ec07b0:   3b 01 8b 5b 24 48 c1 e3 03 48 8b 5b 10 48 85 db
0x000001a740ec07c0:   0f 84 10 00 00 00 41 80 bf d8 05 00 00 00 74 03
0x000001a740ec07d0:   ff 63 38 ff 63 50 e9 a5 15 00 00 0f 1f 44 00 00
0x000001a740ec07e0:   48 8b 53 08 0f b7 52 2e 48 8b 0c d4 58 5b 50 44
0x000001a740ec07f0:   8b 51 08 49 bb 00 00 00 4c a7 01 00 00 4d 03 d3
0x000001a740ec0800:   8b 43 18 48 c1 e0 03 48 8b 40 10 48 8b 5b 10 45
0x000001a740ec0810:   8b 9a ac 00 00 00 4f 8d 9c da d0 01 00 00 4d 8d
0x000001a740ec0820:   14 da 49 8b 1b 48 3b c3 74 15 48 85 db 0f 84 32
0x000001a740ec0830:   00 00 00 49 83 c3 10 49 8b 1b 48 3b c3 75 eb 45
0x000001a740ec0840:   8b 5b 08 4b 8b 1c 1a 48 85 db 0f 84 10 00 00 00
0x000001a740ec0850:   41 80 bf d8 05 00 00 00 74 03 ff 63 38 ff 63 50
0x000001a740ec0860:   e9 1b 15 00 00 e9 16 12 00 00 f4 00 00 00 00 00
0x000001a740ec0870:   00 00 00 00 00 00 00 00 00 00 00 00 00 00 00 00
0x000001a740ec0880:   00 00 00 00 00 00 00 00 00 00 00 00 00 00 00 00
0x000001a740ec0890:   00 00 00 00 00 00 00 00 00 00 00 00 00 00 00 00
0x000001a740ec08a0:   00 00 00 00 00 00 00 00 00 00 00 00 00 00 00 00
0x000001a740ec08b0:   00 00 00 00 00 00 00 00 00 00 00 00 00 00 00 00
0x000001a740ec08c0:   00 00 00 00 00 00 00 00 00 00 00 00 00 00 00 00 


Stack slot to memory mapping:

stack at sp + 0 slots: 0x000001a740e99086 is at code_begin+3078 in an Interpreter codelet
return entry points  [0x000001a740e98480, 0x000001a740e9a298]  7704 bytes
stack at sp + 1 slots: 0x0000000b81bfdc10 is pointing into the stack for thread: 0x000001a792bd7a20
stack at sp + 2 slots: 0x000001a74c72b987 is pointing into metadata
stack at sp + 3 slots: 0x0000000000000004 is an unknown value
stack at sp + 4 slots: 0x000001a74c0b0d70 is pointing into metadata
stack at sp + 5 slots: 0x0000000706d35468 is an oop: java.lang.Class 
{0x0000000706d35468} - klass: 'java/lang/Class'
 - ---- fields (total size 14 words):
 - private volatile transient 'classRedefinedCount' 'I' @12  1 (0x00000001)
 - injected 'klass' 'J' @16  1818068294152 (0x000001a74d509a08)
 - injected 'array_klass' 'J' @24  0 (0x0000000000000000)
 - injected 'oop_size' 'I' @32  14 (0x0000000e)
 - injected 'static_oop_field_count' 'I' @36  0 (0x00000000)
 - private volatile transient 'cachedConstructor' 'Ljava/lang/reflect/Constructor;' @40  null (0x00000000)
 - private transient 'name' 'Ljava/lang/String;' @44  "com.example.demo.controller.LoginController"{0x0000000703e09978} (0xe07c132f)
 - private transient 'module' 'Ljava/lang/Module;' @48  a 'java/lang/Module'{0x000000070aa00f60} (0xe15401ec)
 - private final 'classLoader' 'Ljava/lang/ClassLoader;' @52  a 'org/springframework/boot/devtools/restart/classloader/RestartClassLoader'{0x000000070aa00dd0} (0xe15401ba)
 - private transient 'classData' 'Ljava/lang/Object;' @56  null (0x00000000)
 - private transient 'packageName' 'Ljava/lang/String;' @60  "com.example.demo.controller"{0x0000000703e099d0} (0xe07c133a)
 - private final 'componentType' 'Ljava/lang/Class;' @64  null (0x00000000)
 - private volatile transient 'reflectionData' 'Ljava/lang/ref/SoftReference;' @68  a 'java/lang/ref/SoftReference'{0x0000000705c9df88} (0xe0b93bf1)
 - private volatile transient 'genericInfo' 'Lsun/reflect/generics/repository/ClassRepository;' @72  null (0x00000000)
 - private volatile transient 'enumConstants' '[Ljava/lang/Object;' @76  null (0x00000000)
 - private volatile transient 'enumConstantDirectory' 'Ljava/util/Map;' @80  null (0x00000000)
 - private volatile transient 'annotationData' 'Ljava/lang/Class$AnnotationData;' @84  null (0x00000000)
 - private volatile transient 'annotationType' 'Lsun/reflect/annotation/AnnotationType;' @88  null (0x00000000)
 - transient 'classValueMap' 'Ljava/lang/ClassValue$ClassValueMap;' @92  null (0x00000000)
 - injected 'protection_domain' 'Ljava/lang/Object;' @96  a 'java/security/ProtectionDomain'{0x000000070aa14bb0} (0xe1542976)
 - injected 'signers_name' 'Ljava/lang/Object;' @100  null (0x00000000)
 - injected 'source_file' 'Ljava/lang/Object;' @104  null (0x00000000)
 - injected '<init_lock>' 'Ljava/lang/Object;' @108  null (0x00000000)
 - signature: Lcom/example/demo/controller/LoginController;
 - ---- static fields (0):
stack at sp + 6 slots: 0x0000000703771488 is an oop: java.lang.Class 
{0x0000000703771488} - klass: 'java/lang/Class'
 - ---- fields (total size 14 words):
 - private volatile transient 'classRedefinedCount' 'I' @12  0 (0x00000000)
 - injected 'klass' 'J' @16  1818046957880 (0x000001a74c0b0938)
 - injected 'array_klass' 'J' @24  0 (0x0000000000000000)
 - injected 'oop_size' 'I' @32  14 (0x0000000e)
 - injected 'static_oop_field_count' 'I' @36  0 (0x00000000)
 - private volatile transient 'cachedConstructor' 'Ljava/lang/reflect/Constructor;' @40  null (0x00000000)
 - private transient 'name' 'Ljava/lang/String;' @44  null (0x00000000)
 - private transient 'module' 'Ljava/lang/Module;' @48  a 'java/lang/Module'{0x0000000703754148} (0xe06ea829)
 - private final 'classLoader' 'Ljava/lang/ClassLoader;' @52  null (0x00000000)
 - private transient 'classData' 'Ljava/lang/Object;' @56  null (0x00000000)
 - private transient 'packageName' 'Ljava/lang/String;' @60  null (0x00000000)
 - private final 'componentType' 'Ljava/lang/Class;' @64  null (0x00000000)
 - private volatile transient 'reflectionData' 'Ljava/lang/ref/SoftReference;' @68  null (0x00000000)
 - private volatile transient 'genericInfo' 'Lsun/reflect/generics/repository/ClassRepository;' @72  null (0x00000000)
 - private volatile transient 'enumConstants' '[Ljava/lang/Object;' @76  null (0x00000000)
 - private volatile transient 'enumConstantDirectory' 'Ljava/util/Map;' @80  null (0x00000000)
 - private volatile transient 'annotationData' 'Ljava/lang/Class$AnnotationData;' @84  null (0x00000000)
 - private volatile transient 'annotationType' 'Lsun/reflect/annotation/AnnotationType;' @88  null (0x00000000)
 - transient 'classValueMap' 'Ljava/lang/ClassValue$ClassValueMap;' @92  null (0x00000000)
 - injected 'protection_domain' 'Ljava/lang/Object;' @96  null (0x00000000)
 - injected 'signers_name' 'Ljava/lang/Object;' @100  null (0x00000000)
 - injected 'source_file' 'Ljava/lang/Object;' @104  null (0x00000000)
 - injected '<init_lock>' 'Ljava/lang/Object;' @108  null (0x00000000)
 - signature: Ljava/lang/invoke/DirectMethodHandle$Holder;
 - ---- static fields (0):
stack at sp + 7 slots: {method} {0x000001a74c0b58c0} 'newInvokeSpecial' '(Ljava/lang/Object;)Ljava/lang/Object;' in 'java/lang/invoke/DirectMethodHandle$Holder'

MethodHandle::interpreter_entry::_linkToSpecial [0x000001a740ec078c, 0x000001a740ec07db] (79 bytes)
[MachCode]
  0x000001a740ec078c: 6666 660f | 1f84 0000 | 0000 0066 | 6666 900f | 1f44 0000 | 488b 5308 | 0fb7 522e | 488b 0cd4 
  0x000001a740ec07ac: 585b 5048 | 3b01 8b5b | 2448 c1e3 | 0348 8b5b | 1048 85db | 0f84 1000 | 0000 4180 | bfd8 0500 
  0x000001a740ec07cc: 0000 7403 | ff63 38ff | 6350 e9a5 | 
[/MachCode]

---------------  P R O C E S S  ---------------

Threads class SMR info:
_java_thread_list=0x000001a792c194b0, length=25, elements={
0x000001a74b981740, 0x000001a74b982290, 0x000001a74b987d90, 0x000001a74b98bb60,
0x000001a74b98dd50, 0x000001a74b9957b0, 0x000001a74b9a8420, 0x000001a74bb133a0,
0x000001a74bb1dd70, 0x000001a74bb20370, 0x000001a74b994400, 0x000001a74b993d70,
0x000001a74b993050, 0x000001a74b9936e0, 0x000001a74b995120, 0x000001a74b995e40,
0x000001a74b9929c0, 0x000001a791bf7440, 0x000001a792bdb530, 0x000001a792bdbbc0,
0x000001a792bd6d00, 0x000001a792bd7a20, 0x000001a792bd6670, 0x000001a792bd80b0,
0x000001a792bd8740
}

Java Threads: ( => current thread )
  0x000001a74b981740 JavaThread "Reference Handler"          daemon [_thread_blocked, id=13316, stack(0x0000000bfff00000,0x0000000c00000000) (1024K)]
  0x000001a74b982290 JavaThread "Finalizer"                  daemon [_thread_blocked, id=9488, stack(0x0000000b80000000,0x0000000b80100000) (1024K)]
  0x000001a74b987d90 JavaThread "Signal Dispatcher"          daemon [_thread_blocked, id=11576, stack(0x0000000b80100000,0x0000000b80200000) (1024K)]
  0x000001a74b98bb60 JavaThread "Attach Listener"            daemon [_thread_blocked, id=1824, stack(0x0000000b80200000,0x0000000b80300000) (1024K)]
  0x000001a74b98dd50 JavaThread "Service Thread"             daemon [_thread_blocked, id=16732, stack(0x0000000b80300000,0x0000000b80400000) (1024K)]
  0x000001a74b9957b0 JavaThread "Monitor Deflation Thread"   daemon [_thread_blocked, id=15844, stack(0x0000000b80400000,0x0000000b80500000) (1024K)]
  0x000001a74b9a8420 JavaThread "C1 CompilerThread0"         daemon [_thread_blocked, id=5948, stack(0x0000000b80500000,0x0000000b80600000) (1024K)]
  0x000001a74bb133a0 JavaThread "JDWP Transport Listener: dt_socket" daemon [_thread_blocked, id=18300, stack(0x0000000b80800000,0x0000000b80900000) (1024K)]
  0x000001a74bb1dd70 JavaThread "JDWP Event Helper Thread"   daemon [_thread_blocked, id=14200, stack(0x0000000b80900000,0x0000000b80a00000) (1024K)]
  0x000001a74bb20370 JavaThread "JDWP Command Reader"        daemon [_thread_in_native, id=16664, stack(0x0000000b80a00000,0x0000000b80b00000) (1024K)]
  0x000001a74b994400 JavaThread "Common-Cleaner"             daemon [_thread_blocked, id=13320, stack(0x0000000b80b00000,0x0000000b80c00000) (1024K)]
  0x000001a74b993d70 JavaThread "Notification Thread"        daemon [_thread_blocked, id=16708, stack(0x0000000b80c00000,0x0000000b80d00000) (1024K)]
  0x000001a74b993050 JavaThread "RMI TCP Accept-0"           daemon [_thread_in_native, id=19068, stack(0x0000000b81400000,0x0000000b81500000) (1024K)]
  0x000001a74b9936e0 JavaThread "RMI TCP Accept-55441"       daemon [_thread_in_native, id=11136, stack(0x0000000b81500000,0x0000000b81600000) (1024K)]
  0x000001a74b995120 JavaThread "RMI TCP Accept-0"           daemon [_thread_in_native, id=1684, stack(0x0000000b81600000,0x0000000b81700000) (1024K)]
  0x000001a74b995e40 JavaThread "RMI Scheduler(0)"           daemon [_thread_blocked, id=14308, stack(0x0000000b81800000,0x0000000b81900000) (1024K)]
  0x000001a74b9929c0 JavaThread "RMI TCP Connection(13)-127.0.0.1" daemon [_thread_in_native, id=7280, stack(0x0000000b81900000,0x0000000b81a00000) (1024K)]
  0x000001a791bf7440 JavaThread "JMX server connection timeout 38" daemon [_thread_blocked, id=1868, stack(0x0000000b81a00000,0x0000000b81b00000) (1024K)]
  0x000001a792bdb530 JavaThread "DestroyJavaVM"                     [_thread_blocked, id=18000, stack(0x0000000bff700000,0x0000000bff800000) (1024K)]
  0x000001a792bdbbc0 JavaThread "Thread-1"                          [_thread_blocked, id=7868, stack(0x0000000b80600000,0x0000000b80700000) (1024K)]
  0x000001a792bd6d00 JavaThread "mysql-cj-abandoned-connection-cleanup" daemon [_thread_blocked, id=19316, stack(0x0000000b80700000,0x0000000b80800000) (1024K)]
=>0x000001a792bd7a20 JavaThread "restartedMain"                     [_thread_in_Java, id=18384, stack(0x0000000b81b00000,0x0000000b81c00000) (1024K)]
  0x000001a792bd6670 JavaThread "Catalina-utility-1"                [_thread_blocked, id=16364, stack(0x0000000b81d00000,0x0000000b81e00000) (1024K)]
  0x000001a792bd80b0 JavaThread "Catalina-utility-2"                [_thread_blocked, id=4472, stack(0x0000000b81f00000,0x0000000b82000000) (1024K)]
  0x000001a792bd8740 JavaThread "container-0"                       [_thread_blocked, id=12240, stack(0x0000000b82000000,0x0000000b82100000) (1024K)]
Total: 25

Other Threads:
  0x000001a74b9625d0 VMThread "VM Thread"                           [id=3332, stack(0x0000000bffe00000,0x0000000bfff00000) (1024K)]
  0x000001a74b94e3c0 WatcherThread "VM Periodic Task Thread"        [id=1792, stack(0x0000000bffd00000,0x0000000bffe00000) (1024K)]
  0x000001a7387ec430 WorkerThread "GC Thread#0"                     [id=9248, stack(0x0000000bff800000,0x0000000bff900000) (1024K)]
  0x000001a74b9613b0 WorkerThread "GC Thread#1"                     [id=13200, stack(0x0000000b80d00000,0x0000000b80e00000) (1024K)]
  0x000001a74b961750 WorkerThread "GC Thread#2"                     [id=5208, stack(0x0000000b80e00000,0x0000000b80f00000) (1024K)]
  0x000001a74b961e90 WorkerThread "GC Thread#3"                     [id=9868, stack(0x0000000b80f00000,0x0000000b81000000) (1024K)]
  0x000001a74b962970 WorkerThread "GC Thread#4"                     [id=1596, stack(0x0000000b81000000,0x0000000b81100000) (1024K)]
  0x000001a74b961010 WorkerThread "GC Thread#5"                     [id=18320, stack(0x0000000b81100000,0x0000000b81200000) (1024K)]
  0x000001a7916bbca0 WorkerThread "GC Thread#6"                     [id=19216, stack(0x0000000b81200000,0x0000000b81300000) (1024K)]
  0x000001a7916bcec0 WorkerThread "GC Thread#7"                     [id=16104, stack(0x0000000b81300000,0x0000000b81400000) (1024K)]
  0x000001a7387fcfb0 ConcurrentGCThread "G1 Main Marker"            [id=13104, stack(0x0000000bff900000,0x0000000bffa00000) (1024K)]
  0x000001a7387fefe0 WorkerThread "G1 Conc#0"                       [id=9828, stack(0x0000000bffa00000,0x0000000bffb00000) (1024K)]
  0x000001a7916bd600 WorkerThread "G1 Conc#1"                       [id=19212, stack(0x0000000b81e00000,0x0000000b81f00000) (1024K)]
  0x000001a74b81f1c0 ConcurrentGCThread "G1 Refine#0"               [id=4256, stack(0x0000000bffb00000,0x0000000bffc00000) (1024K)]
  0x000001a74b81fb40 ConcurrentGCThread "G1 Service"                [id=10884, stack(0x0000000bffc00000,0x0000000bffd00000) (1024K)]
Total: 15

Threads with active compile tasks:
Total: 0

VM state: not at safepoint (normal execution)

VM Mutex/Monitor currently owned by a thread: None

Heap address: 0x0000000703600000, size: 4042 MB, Compressed Oops mode: Zero based, Oop shift amount: 3

CDS archive(s) mapped at: [0x000001a74c000000-0x000001a74cc80000-0x000001a74cc80000), size 13107200, SharedBaseAddress: 0x000001a74c000000, ArchiveRelocationMode: 1.
Compressed class space mapped at: 0x000001a74d000000-0x000001a78d000000, reserved size: 1073741824
Narrow klass base: 0x000001a74c000000, Narrow klass shift: 0, Narrow klass range: 0x100000000

GC Precious Log:
 CardTable entry size: 512
 Card Set container configuration: InlinePtr #cards 4 size 8 Array Of Cards #cards 16 size 48 Howl #buckets 8 coarsen threshold 3686 Howl Bitmap #cards 512 size 80 coarsen threshold 460 Card regions per heap region 1 cards per card region 4096
 CPUs: 8 total, 8 available
 Memory: 16163M
 Large Page Support: Disabled
 NUMA Support: Disabled
 Compressed Oops: Enabled (Zero based)
 Heap Region Size: 2M
 Heap Min Capacity: 8M
 Heap Initial Capacity: 254M
 Heap Max Capacity: 4042M
 Pre-touch: Disabled
 Parallel Workers: 8
 Concurrent Workers: 2
 Concurrent Refinement Workers: 8
 Periodic GC: Disabled

Heap:
 garbage-first heap   total 61440K, used 36307K [0x0000000703600000, 0x0000000800000000)
  region size 2048K, 11 young (22528K), 0 survivors (0K)
 Metaspace       used 39450K, committed 40320K, reserved 1114112K
  class space    used 5364K, committed 5696K, reserved 1048576K

Heap Regions: E=young(eden), S=young(survivor), O=old, HS=humongous(starts), HC=humongous(continues), CS=collection set, F=free, TAMS=top-at-mark-start, PB=parsable bottom
|   0|0x0000000703600000, 0x00000007037f82f8, 0x0000000703800000| 98%| O|  |TAMS 0x0000000703600000| PB 0x0000000703600000| Untracked 
|   1|0x0000000703800000, 0x0000000703a00000, 0x0000000703a00000|100%| O|  |TAMS 0x0000000703800000| PB 0x0000000703800000| Untracked 
|   2|0x0000000703a00000, 0x0000000703bffff0, 0x0000000703c00000| 99%| O|  |TAMS 0x0000000703a00000| PB 0x0000000703a00000| Untracked 
|   3|0x0000000703c00000, 0x0000000703dfffd0, 0x0000000703e00000| 99%| O|  |TAMS 0x0000000703c00000| PB 0x0000000703c00000| Untracked 
|   4|0x0000000703e00000, 0x0000000703fffff0, 0x0000000704000000| 99%| O|  |TAMS 0x0000000703e00000| PB 0x0000000703e00000| Untracked 
|   5|0x0000000704000000, 0x00000007041fffe0, 0x0000000704200000| 99%| O|  |TAMS 0x0000000704000000| PB 0x0000000704000000| Untracked 
|   6|0x0000000704200000, 0x0000000704374540, 0x0000000704400000| 72%| O|  |TAMS 0x0000000704200000| PB 0x0000000704200000| Untracked 
|   7|0x0000000704400000, 0x00000007045ffff0, 0x0000000704600000| 99%| O|  |TAMS 0x0000000704400000| PB 0x0000000704400000| Untracked 
|   8|0x0000000704600000, 0x0000000704600000, 0x0000000704800000|  0%| F|  |TAMS 0x0000000704600000| PB 0x0000000704600000| Untracked 
|   9|0x0000000704800000, 0x0000000704808590, 0x0000000704a00000|  1%| O|  |TAMS 0x0000000704800000| PB 0x0000000704800000| Untracked 
|  10|0x0000000704a00000, 0x0000000704a00000, 0x0000000704c00000|  0%| F|  |TAMS 0x0000000704a00000| PB 0x0000000704a00000| Untracked 
|  11|0x0000000704c00000, 0x0000000704c00000, 0x0000000704e00000|  0%| F|  |TAMS 0x0000000704c00000| PB 0x0000000704c00000| Untracked 
|  12|0x0000000704e00000, 0x0000000704e00000, 0x0000000705000000|  0%| F|  |TAMS 0x0000000704e00000| PB 0x0000000704e00000| Untracked 
|  13|0x0000000705000000, 0x0000000705000000, 0x0000000705200000|  0%| F|  |TAMS 0x0000000705000000| PB 0x0000000705000000| Untracked 
|  14|0x0000000705200000, 0x0000000705200000, 0x0000000705400000|  0%| F|  |TAMS 0x0000000705200000| PB 0x0000000705200000| Untracked 
|  15|0x0000000705400000, 0x0000000705400000, 0x0000000705600000|  0%| F|  |TAMS 0x0000000705400000| PB 0x0000000705400000| Untracked 
|  16|0x0000000705600000, 0x0000000705600000, 0x0000000705800000|  0%| F|  |TAMS 0x0000000705600000| PB 0x0000000705600000| Untracked 
|  17|0x0000000705800000, 0x0000000705800000, 0x0000000705a00000|  0%| F|  |TAMS 0x0000000705800000| PB 0x0000000705800000| Untracked 
|  18|0x0000000705a00000, 0x0000000705a00000, 0x0000000705c00000|  0%| F|  |TAMS 0x0000000705a00000| PB 0x0000000705a00000| Untracked 
|  19|0x0000000705c00000, 0x0000000705da9b18, 0x0000000705e00000| 83%| E|  |TAMS 0x0000000705c00000| PB 0x0000000705c00000| Complete 
|  20|0x0000000705e00000, 0x0000000706000000, 0x0000000706000000|100%| E|CS|TAMS 0x0000000705e00000| PB 0x0000000705e00000| Complete 
|  21|0x0000000706000000, 0x0000000706200000, 0x0000000706200000|100%| E|CS|TAMS 0x0000000706000000| PB 0x0000000706000000| Complete 
|  22|0x0000000706200000, 0x0000000706400000, 0x0000000706400000|100%| E|CS|TAMS 0x0000000706200000| PB 0x0000000706200000| Complete 
|  23|0x0000000706400000, 0x0000000706600000, 0x0000000706600000|100%| E|CS|TAMS 0x0000000706400000| PB 0x0000000706400000| Complete 
|  24|0x0000000706600000, 0x0000000706800000, 0x0000000706800000|100%| E|CS|TAMS 0x0000000706600000| PB 0x0000000706600000| Complete 
|  25|0x0000000706800000, 0x0000000706a00000, 0x0000000706a00000|100%| E|CS|TAMS 0x0000000706800000| PB 0x0000000706800000| Complete 
|  26|0x0000000706a00000, 0x0000000706c00000, 0x0000000706c00000|100%| E|CS|TAMS 0x0000000706a00000| PB 0x0000000706a00000| Complete 
|  27|0x0000000706c00000, 0x0000000706e00000, 0x0000000706e00000|100%| E|CS|TAMS 0x0000000706c00000| PB 0x0000000706c00000| Complete 
|  28|0x0000000706e00000, 0x0000000707000000, 0x0000000707000000|100%| E|CS|TAMS 0x0000000706e00000| PB 0x0000000706e00000| Complete 
|  58|0x000000070aa00000, 0x000000070ac00000, 0x000000070ac00000|100%| E|CS|TAMS 0x000000070aa00000| PB 0x000000070aa00000| Complete 

Card table byte_map: [0x000001a744790000,0x000001a744f80000] _byte_map_base: 0x000001a740f75000

Marking Bits: (CMBitMap*) 0x000001a7387eca40
 Bits: [0x000001a744f80000, 0x000001a748ea8000)

Polling page: 0x000001a736720000

Metaspace:

Usage:
  Non-class:     33.29 MB used.
      Class:      5.24 MB used.
       Both:     38.53 MB used.

Virtual space:
  Non-class space:       64.00 MB reserved,      33.81 MB ( 53%) committed,  1 nodes.
      Class space:        1.00 GB reserved,       5.56 MB ( <1%) committed,  1 nodes.
             Both:        1.06 GB reserved,      39.38 MB (  4%) committed. 

Chunk freelists:
   Non-Class:  14.15 MB
       Class:  10.55 MB
        Both:  24.71 MB

MaxMetaspaceSize: unlimited
CompressedClassSpaceSize: 1.00 GB
Initial GC threshold: 21.00 MB
Current GC threshold: 65.62 MB
CDS: on
 - commit_granule_bytes: 65536.
 - commit_granule_words: 8192.
 - virtual_space_node_default_size: 8388608.
 - enlarge_chunks_in_place: 1.
 - use_allocation_guard: 0.


Internal statistics:

num_allocs_failed_limit: 6.
num_arena_births: 1006.
num_arena_deaths: 330.
num_vsnodes_births: 2.
num_vsnodes_deaths: 0.
num_space_committed: 630.
num_space_uncommitted: 0.
num_chunks_returned_to_freelist: 374.
num_chunks_taken_from_freelist: 2350.
num_chunk_merges: 95.
num_chunk_splits: 1587.
num_chunks_enlarged: 1180.
num_inconsistent_stats: 0.

CodeCache: size=49152Kb used=10055Kb max_used=10615Kb free=39097Kb
 bounds [0x000001a740e90000, 0x000001a7418f0000, 0x000001a743e90000]
 total_blobs=5743, nmethods=5143, adapters=522, full_count=0
Compilation: enabled, stopped_count=0, restarted_count=0

Compilation events (20 events):
Event: 216.156 Thread 0x000001a74b9a8420 nmethod 5195 0x000001a7418e9a90 code [0x000001a7418e9c20, 0x000001a7418e9cf0]
Event: 216.156 Thread 0x000001a74b9a8420 5197       1       org.springframework.beans.PropertyEditorRegistrySupport::<init> (15 bytes)
Event: 216.156 Thread 0x000001a7919f48e0 nmethod 5196 0x000001a7418e9d90 code [0x000001a7418e9f20, 0x000001a7418e9ff0]
Event: 216.156 Thread 0x000001a74b9a8420 nmethod 5197 0x000001a7418ea090 code [0x000001a7418ea220, 0x000001a7418ea2f0]
Event: 216.156 Thread 0x000001a7919f48e0 5198       1       org.springframework.beans.PropertyEditorRegistrySupport::registerDefaultEditors (6 bytes)
Event: 216.156 Thread 0x000001a7919f48e0 nmethod 5198 0x000001a7418ea390 code [0x000001a7418ea520, 0x000001a7418ea5e8]
Event: 216.157 Thread 0x000001a74b9a8420 5199       1       org.springframework.beans.factory.support.AbstractAutowireCapableBeanFactory::getLogger (5 bytes)
Event: 216.157 Thread 0x000001a74b9a8420 nmethod 5199 0x000001a7418ea690 code [0x000001a7418ea820, 0x000001a7418ea8f0]
Event: 216.158 Thread 0x000001a74b9a8420 5200       1       java.util.concurrent.ConcurrentHashMap::entrySet (25 bytes)
Event: 216.158 Thread 0x000001a7919f48e0 5201       1       java.util.concurrent.ConcurrentHashMap$EntrySetView::iterator (34 bytes)
Event: 216.158 Thread 0x000001a74b9a8420 nmethod 5200 0x000001a7418ea990 code [0x000001a7418eab40, 0x000001a7418ead68]
Event: 216.158 Thread 0x000001a74b9a8420 5202       1       java.util.concurrent.ConcurrentHashMap$EntryIterator::<init> (12 bytes)
Event: 216.158 Thread 0x000001a7919f48e0 nmethod 5201 0x000001a7418eae10 code [0x000001a7418eafc0, 0x000001a7418eb210]
Event: 216.158 Thread 0x000001a74b9a8420 nmethod 5202 0x000001a7418eb390 code [0x000001a7418eb540, 0x000001a7418eb6f8]
Event: 216.158 Thread 0x000001a7919f48e0 5203       1       org.springframework.boot.context.properties.PropertyMapper::lambda$getSource$0 (2 bytes)
Event: 216.158 Thread 0x000001a7919f48e0 nmethod 5203 0x000001a7418eb790 code [0x000001a7418eb920, 0x000001a7418eb9c8]
Event: 216.159 Thread 0x000001a7919f48e0 5204       1       org.springframework.beans.factory.support.AbstractAutowireCapableBeanFactory::populateBean (355 bytes)
Event: 216.160 Thread 0x000001a7919f48e0 nmethod 5204 0x000001a7418eba90 code [0x000001a7418ebf00, 0x000001a7418ed358]
Event: 240.678 Thread 0x000001a74b9a8420 5205       1       sun.rmi.server.MarshalOutputStream::replaceObject (33 bytes)
Event: 240.679 Thread 0x000001a74b9a8420 nmethod 5205 0x000001a741076210 code [0x000001a741076400, 0x000001a7410769a0]

GC Heap History (20 events):
Event: 0.395 GC heap before
{Heap before GC invocations=0 (full 0):
 garbage-first heap   total 260096K, used 20480K [0x0000000703600000, 0x0000000800000000)
  region size 2048K, 11 young (22528K), 0 survivors (0K)
 Metaspace       used 6255K, committed 6528K, reserved 1114112K
  class space    used 703K, committed 832K, reserved 1048576K
}
Event: 0.398 GC heap after
{Heap after GC invocations=1 (full 0):
 garbage-first heap   total 260096K, used 5616K [0x0000000703600000, 0x0000000800000000)
  region size 2048K, 2 young (4096K), 2 survivors (4096K)
 Metaspace       used 6255K, committed 6528K, reserved 1114112K
  class space    used 703K, committed 832K, reserved 1048576K
}
Event: 0.595 GC heap before
{Heap before GC invocations=1 (full 0):
 garbage-first heap   total 260096K, used 32240K [0x0000000703600000, 0x0000000800000000)
  region size 2048K, 16 young (32768K), 2 survivors (4096K)
 Metaspace       used 10428K, committed 10688K, reserved 1114112K
  class space    used 1242K, committed 1344K, reserved 1048576K
}
Event: 0.598 GC heap after
{Heap after GC invocations=2 (full 0):
 garbage-first heap   total 260096K, used 6891K [0x0000000703600000, 0x0000000800000000)
  region size 2048K, 1 young (2048K), 1 survivors (2048K)
 Metaspace       used 10428K, committed 10688K, reserved 1114112K
  class space    used 1242K, committed 1344K, reserved 1048576K
}
Event: 1.069 GC heap before
{Heap before GC invocations=2 (full 0):
 garbage-first heap   total 260096K, used 117483K [0x0000000703600000, 0x0000000800000000)
  region size 2048K, 56 young (114688K), 1 survivors (2048K)
 Metaspace       used 21138K, committed 21504K, reserved 1114112K
  class space    used 2866K, committed 3008K, reserved 1048576K
}
Event: 1.073 GC heap after
{Heap after GC invocations=3 (full 0):
 garbage-first heap   total 260096K, used 9859K [0x0000000703600000, 0x0000000800000000)
  region size 2048K, 3 young (6144K), 3 survivors (6144K)
 Metaspace       used 21138K, committed 21504K, reserved 1114112K
  class space    used 2866K, committed 3008K, reserved 1048576K
}
Event: 1.144 GC heap before
{Heap before GC invocations=4 (full 0):
 garbage-first heap   total 40960K, used 38531K [0x0000000703600000, 0x0000000800000000)
  region size 2048K, 17 young (34816K), 3 survivors (6144K)
 Metaspace       used 23306K, committed 23808K, reserved 1114112K
  class space    used 3143K, committed 3392K, reserved 1048576K
}
Event: 1.147 GC heap after
{Heap after GC invocations=5 (full 0):
 garbage-first heap   total 47104K, used 11041K [0x0000000703600000, 0x0000000800000000)
  region size 2048K, 3 young (6144K), 3 survivors (6144K)
 Metaspace       used 23306K, committed 23808K, reserved 1114112K
  class space    used 3143K, committed 3392K, reserved 1048576K
}
Event: 1.194 GC heap before
{Heap before GC invocations=5 (full 0):
 garbage-first heap   total 47104K, used 31521K [0x0000000703600000, 0x0000000800000000)
  region size 2048K, 13 young (26624K), 3 survivors (6144K)
 Metaspace       used 24581K, committed 25152K, reserved 1114112K
  class space    used 3326K, committed 3584K, reserved 1048576K
}
Event: 1.197 GC heap after
{Heap after GC invocations=6 (full 0):
 garbage-first heap   total 47104K, used 11575K [0x0000000703600000, 0x0000000800000000)
  region size 2048K, 1 young (2048K), 1 survivors (2048K)
 Metaspace       used 24581K, committed 25152K, reserved 1114112K
  class space    used 3326K, committed 3584K, reserved 1048576K
}
Event: 1.302 GC heap before
{Heap before GC invocations=6 (full 0):
 garbage-first heap   total 47104K, used 36151K [0x0000000703600000, 0x0000000800000000)
  region size 2048K, 13 young (26624K), 1 survivors (2048K)
 Metaspace       used 26269K, committed 26752K, reserved 1114112K
  class space    used 3553K, committed 3776K, reserved 1048576K
}
Event: 1.304 GC heap after
{Heap after GC invocations=7 (full 0):
 garbage-first heap   total 153600K, used 12527K [0x0000000703600000, 0x0000000800000000)
  region size 2048K, 2 young (4096K), 2 survivors (4096K)
 Metaspace       used 26269K, committed 26752K, reserved 1114112K
  class space    used 3553K, committed 3776K, reserved 1048576K
}
Event: 1.869 GC heap before
{Heap before GC invocations=7 (full 0):
 garbage-first heap   total 153600K, used 98543K [0x0000000703600000, 0x0000000800000000)
  region size 2048K, 45 young (92160K), 2 survivors (4096K)
 Metaspace       used 33764K, committed 34304K, reserved 1114112K
  class space    used 4605K, committed 4864K, reserved 1048576K
}
Event: 1.873 GC heap after
{Heap after GC invocations=8 (full 0):
 garbage-first heap   total 153600K, used 16828K [0x0000000703600000, 0x0000000800000000)
  region size 2048K, 4 young (8192K), 4 survivors (8192K)
 Metaspace       used 33764K, committed 34304K, reserved 1114112K
  class space    used 4605K, committed 4864K, reserved 1048576K
}
Event: 55.528 GC heap before
{Heap before GC invocations=8 (full 0):
 garbage-first heap   total 153600K, used 41404K [0x0000000703600000, 0x0000000800000000)
  region size 2048K, 17 young (34816K), 4 survivors (8192K)
 Metaspace       used 35678K, committed 36288K, reserved 1114112K
  class space    used 4884K, committed 5184K, reserved 1048576K
}
Event: 55.533 GC heap after
{Heap after GC invocations=9 (full 0):
 garbage-first heap   total 153600K, used 18001K [0x0000000703600000, 0x0000000800000000)
  region size 2048K, 4 young (8192K), 4 survivors (8192K)
 Metaspace       used 35678K, committed 36288K, reserved 1114112K
  class space    used 4884K, committed 5184K, reserved 1048576K
}
Event: 55.941 GC heap before
{Heap before GC invocations=10 (full 0):
 garbage-first heap   total 69632K, used 50769K [0x0000000703600000, 0x0000000800000000)
  region size 2048K, 20 young (40960K), 4 survivors (8192K)
 Metaspace       used 38712K, committed 39424K, reserved 1114112K
  class space    used 5302K, committed 5632K, reserved 1048576K
}
Event: 55.948 GC heap after
{Heap after GC invocations=11 (full 0):
 garbage-first heap   total 69632K, used 19450K [0x0000000703600000, 0x0000000800000000)
  region size 2048K, 2 young (4096K), 2 survivors (4096K)
 Metaspace       used 38712K, committed 39424K, reserved 1114112K
  class space    used 5302K, committed 5632K, reserved 1048576K
}
Event: 215.926 GC heap before
{Heap before GC invocations=11 (full 0):
 garbage-first heap   total 69632K, used 31738K [0x0000000703600000, 0x0000000800000000)
  region size 2048K, 10 young (20480K), 2 survivors (4096K)
 Metaspace       used 39674K, committed 40320K, reserved 1114112K
  class space    used 5422K, committed 5696K, reserved 1048576K
}
Event: 215.950 GC heap after
{Heap after GC invocations=12 (full 1):
 garbage-first heap   total 61440K, used 15827K [0x0000000703600000, 0x0000000800000000)
  region size 2048K, 0 young (0K), 0 survivors (0K)
 Metaspace       used 39348K, committed 40320K, reserved 1114112K
  class space    used 5337K, committed 5696K, reserved 1048576K
}

Dll operation events (12 events):
Event: 0.007 Loaded shared library C:\pleiades\2025-12\java\21\bin\java.dll
Event: 0.110 Loaded shared library C:\pleiades\2025-12\java\21\bin\zip.dll
Event: 0.114 Loaded shared library C:\pleiades\2025-12\java\21\bin\instrument.dll
Event: 0.118 Loaded shared library C:\pleiades\2025-12\java\21\bin\net.dll
Event: 0.118 Loaded shared library C:\pleiades\2025-12\java\21\bin\nio.dll
Event: 0.120 Loaded shared library C:\pleiades\2025-12\java\21\bin\zip.dll
Event: 0.199 Loaded shared library C:\pleiades\2025-12\java\21\bin\jimage.dll
Event: 0.226 Loaded shared library C:\pleiades\2025-12\java\21\bin\management.dll
Event: 0.233 Loaded shared library C:\pleiades\2025-12\java\21\bin\management_ext.dll
Event: 0.348 Loaded shared library C:\pleiades\2025-12\java\21\bin\verify.dll
Event: 0.403 Loaded shared library C:\pleiades\2025-12\java\21\bin\extnet.dll
Event: 1.230 Loaded shared library C:\pleiades\2025-12\java\21\bin\sunmscapi.dll

Deoptimization events (20 events):
Event: 216.159 Thread 0x000001a792bd7a20 DEOPT PACKING pc=0x000001a74172a1ec sp=0x0000000b81bf9b40
Event: 216.159 Thread 0x000001a792bd7a20 DEOPT UNPACKING pc=0x000001a740ee86e2 sp=0x0000000b81bf9078 mode 1
Event: 216.159 Thread 0x000001a792bd7a20 DEOPT PACKING pc=0x000001a74172c41c sp=0x0000000b81bf9c30
Event: 216.159 Thread 0x000001a792bd7a20 DEOPT UNPACKING pc=0x000001a740ee86e2 sp=0x0000000b81bf91f0 mode 1
Event: 216.159 Thread 0x000001a792bd7a20 DEOPT PACKING pc=0x000001a7417284bc sp=0x0000000b81bf9db0
Event: 216.159 Thread 0x000001a792bd7a20 DEOPT UNPACKING pc=0x000001a740ee86e2 sp=0x0000000b81bf9370 mode 1
Event: 216.159 Thread 0x000001a792bd7a20 DEOPT PACKING pc=0x000001a74172a1ec sp=0x0000000b81bf9b40
Event: 216.159 Thread 0x000001a792bd7a20 DEOPT UNPACKING pc=0x000001a740ee86e2 sp=0x0000000b81bf9078 mode 1
Event: 216.159 Thread 0x000001a792bd7a20 DEOPT PACKING pc=0x000001a74172c41c sp=0x0000000b81bf9c30
Event: 216.159 Thread 0x000001a792bd7a20 DEOPT UNPACKING pc=0x000001a740ee86e2 sp=0x0000000b81bf91f0 mode 1
Event: 216.159 Thread 0x000001a792bd7a20 DEOPT PACKING pc=0x000001a7417284bc sp=0x0000000b81bf9db0
Event: 216.159 Thread 0x000001a792bd7a20 DEOPT UNPACKING pc=0x000001a740ee86e2 sp=0x0000000b81bf9370 mode 1
Event: 216.159 Thread 0x000001a792bd7a20 DEOPT PACKING pc=0x000001a74172a1ec sp=0x0000000b81bfcd00
Event: 216.159 Thread 0x000001a792bd7a20 DEOPT UNPACKING pc=0x000001a740ee86e2 sp=0x0000000b81bfc238 mode 1
Event: 216.159 Thread 0x000001a792bd7a20 DEOPT PACKING pc=0x000001a74172c41c sp=0x0000000b81bfcdf0
Event: 216.159 Thread 0x000001a792bd7a20 DEOPT UNPACKING pc=0x000001a740ee86e2 sp=0x0000000b81bfc3b0 mode 1
Event: 216.159 Thread 0x000001a792bd7a20 DEOPT PACKING pc=0x000001a7417284bc sp=0x0000000b81bfcf70
Event: 216.159 Thread 0x000001a792bd7a20 DEOPT UNPACKING pc=0x000001a740ee86e2 sp=0x0000000b81bfc530 mode 1
Event: 244.793 Thread 0x000001a792bd7a20 DEOPT PACKING pc=0x000001a74123b934 sp=0x0000000b81bfdc10
Event: 244.793 Thread 0x000001a792bd7a20 DEOPT UNPACKING pc=0x000001a740ee86e2 sp=0x0000000b81bfd0c8 mode 0

Classes loaded (20 events):
Event: 215.912 Loading class java/net/Proxy$Type
Event: 215.912 Loading class java/net/Proxy$Type done
Event: 215.912 Loading class sun/net/spi/DefaultProxySelector$1
Event: 215.912 Loading class sun/net/spi/DefaultProxySelector$1 done
Event: 215.913 Loading class sun/net/spi/DefaultProxySelector$NonProxyInfo
Event: 215.913 Loading class sun/net/spi/DefaultProxySelector$NonProxyInfo done
Event: 215.913 Loading class sun/net/spi/DefaultProxySelector$3
Event: 215.913 Loading class sun/net/spi/DefaultProxySelector$3 done
Event: 215.923 Loading class java/util/concurrent/Executors$AutoShutdownDelegatedExecutorService
Event: 215.924 Loading class java/util/concurrent/Executors$DelegatedExecutorService
Event: 215.924 Loading class java/util/concurrent/Executors$DelegatedExecutorService done
Event: 215.924 Loading class java/util/concurrent/Executors$AutoShutdownDelegatedExecutorService done
Event: 215.925 Loading class java/util/WeakHashMap$KeyIterator
Event: 215.925 Loading class java/util/WeakHashMap$KeyIterator done
Event: 215.950 Loading class java/lang/ref/Finalizer$2
Event: 215.952 Loading class java/lang/ref/Finalizer$2 done
Event: 215.952 Loading class java/lang/ref/Finalizer$1
Event: 215.952 Loading class java/lang/ref/Finalizer$1 done
Event: 216.124 Loading class java/time/DurationEditor
Event: 216.124 Loading class java/time/DurationEditor done

Classes unloaded (20 events):
Event: 215.934 Thread 0x000001a74b9625d0 Unloading class 0x000001a74d114000 'java/lang/invoke/LambdaForm$MH+0x000001a74d114000'
Event: 215.934 Thread 0x000001a74b9625d0 Unloading class 0x000001a74d100400 'java/lang/invoke/LambdaForm$DMH+0x000001a74d100400'
Event: 215.934 Thread 0x000001a74b9625d0 Unloading class 0x000001a74d0cbc00 'java/lang/invoke/LambdaForm$MH+0x000001a74d0cbc00'
Event: 215.934 Thread 0x000001a74b9625d0 Unloading class 0x000001a74d0c9c00 'java/lang/invoke/LambdaForm$MH+0x000001a74d0c9c00'
Event: 215.934 Thread 0x000001a74b9625d0 Unloading class 0x000001a74d0c9800 'java/lang/invoke/LambdaForm$MH+0x000001a74d0c9800'
Event: 215.934 Thread 0x000001a74b9625d0 Unloading class 0x000001a74d0c9000 'jdk/internal/reflect/GeneratedSerializationConstructorAccessor3'
Event: 215.934 Thread 0x000001a74b9625d0 Unloading class 0x000001a74d0c8c00 'jdk/internal/reflect/GeneratedSerializationConstructorAccessor2'
Event: 215.934 Thread 0x000001a74b9625d0 Unloading class 0x000001a74d0c8800 'jdk/internal/reflect/GeneratedSerializationConstructorAccessor1'
Event: 215.934 Thread 0x000001a74b9625d0 Unloading class 0x000001a74d0c7800 'java/lang/invoke/LambdaForm$DMH+0x000001a74d0c7800'
Event: 215.934 Thread 0x000001a74b9625d0 Unloading class 0x000001a74d0c7000 'java/lang/invoke/LambdaForm$DMH+0x000001a74d0c7000'
Event: 215.934 Thread 0x000001a74b9625d0 Unloading class 0x000001a74d0c0800 'java/lang/invoke/LambdaForm$MH+0x000001a74d0c0800'
Event: 215.934 Thread 0x000001a74b9625d0 Unloading class 0x000001a74d0c0400 'java/lang/invoke/LambdaForm$DMH+0x000001a74d0c0400'
Event: 215.934 Thread 0x000001a74b9625d0 Unloading class 0x000001a74d0c0000 'java/lang/invoke/LambdaForm$DMH+0x000001a74d0c0000'
Event: 215.934 Thread 0x000001a74b9625d0 Unloading class 0x000001a74d00ac00 'java/lang/invoke/LambdaForm$MH+0x000001a74d00ac00'
Event: 215.934 Thread 0x000001a74b9625d0 Unloading class 0x000001a74d008000 'java/lang/invoke/LambdaForm$MH+0x000001a74d008000'
Event: 215.934 Thread 0x000001a74b9625d0 Unloading class 0x000001a74d007c00 'java/lang/invoke/LambdaForm$MH+0x000001a74d007c00'
Event: 215.934 Thread 0x000001a74b9625d0 Unloading class 0x000001a74d004000 'java/lang/invoke/LambdaForm$MH+0x000001a74d004000'
Event: 215.934 Thread 0x000001a74b9625d0 Unloading class 0x000001a74d003c00 'java/lang/invoke/LambdaForm$MH+0x000001a74d003c00'
Event: 215.934 Thread 0x000001a74b9625d0 Unloading class 0x000001a74d003800 'java/lang/invoke/LambdaForm$MH+0x000001a74d003800'
Event: 215.934 Thread 0x000001a74b9625d0 Unloading class 0x000001a74d003400 'java/lang/invoke/LambdaForm$MH+0x000001a74d003400'

Classes redefined (3 events):
Event: 214.859 Thread 0x000001a74b9625d0 redefined class name=com.example.demo.controller.LoginController, count=1
Event: 244.803 Thread 0x000001a74b9625d0 redefined class name=com.example.demo.controller.LoginController, count=2
Event: 244.803 Thread 0x000001a74b9625d0 redefined class name=com.example.demo.controller.LoginController, count=1

Internal exceptions (20 events):
Event: 1.832 Thread 0x000001a791bf4650 Exception <a 'java/lang/IncompatibleClassChangeError'{0x0000000707c55f08}: Found class java.lang.Object, but interface was expected> (0x0000000707c55f08) 
thrown [s\src\hotspot\share\interpreter\linkResolver.cpp, line 840]
Event: 1.879 Thread 0x000001a791bf4650 Exception <a 'java/lang/NoSuchMethodError'{0x00000007133cd528}: 'int java.lang.invoke.DirectMethodHandle$Holder.invokeStaticInit(java.lang.Object, java.lang.Object, java.lang.Object, java.lang.Object)'> (0x00000007133cd528) 
thrown [s\src\hotspot\share\interpreter\linkResolver.cpp, line 773]
Event: 1.950 Thread 0x000001a791bf4650 Exception <a 'java/lang/NoSuchMethodError'{0x000000070c105010}: 'java.lang.Object java.lang.invoke.DirectMethodHandle$Holder.newInvokeSpecial(java.lang.Object, java.lang.Object, int, java.lang.Object, java.lang.Object)'> (0x000000070c105010) 
thrown [s\src\hotspot\share\interpreter\linkResolver.cpp, line 773]
Event: 2.174 Thread 0x000001a792bdc250 Exception <a 'java/lang/NoSuchMethodError'{0x000000070b92ae18}: 'java.lang.Object java.lang.invoke.DirectMethodHandle$Holder.invokeInterface(java.lang.Object, java.lang.Object, java.lang.Object, java.lang.Object, java.lang.Object, java.lang.Object, java.lang.Object)'> (0x000000070b92ae18) 
thrown [s\src\hotspot\share\interpreter\linkResolver.cpp, line 773]
Event: 2.174 Thread 0x000001a74b9929c0 Exception <a 'java/lang/NoSuchMethodError'{0x000000070b600dc0}: 'java.lang.Object java.lang.invoke.DirectMethodHandle$Holder.invokeInterface(java.lang.Object, java.lang.Object, java.lang.Object, java.lang.Object, java.lang.Object, java.lang.Object, java.lang.Object)'> (0x000000070b600dc0) 
thrown [s\src\hotspot\share\interpreter\linkResolver.cpp, line 773]
Event: 55.488 Thread 0x000001a792bdc8e0 Exception <a 'java/lang/NoSuchMethodError'{0x000000070b40fbe0}: 'java.lang.Object java.lang.invoke.DirectMethodHandle$Holder.invokeStatic(java.lang.Object, java.lang.Object, java.lang.Object, int, int)'> (0x000000070b40fbe0) 
thrown [s\src\hotspot\share\interpreter\linkResolver.cpp, line 773]
Event: 55.489 Thread 0x000001a792bdc8e0 Exception <a 'java/lang/NoSuchMethodError'{0x000000070b4133c0}: 'java.lang.Object java.lang.invoke.DirectMethodHandle$Holder.invokeStaticInit(java.lang.Object, java.lang.Object, java.lang.Object, int, int)'> (0x000000070b4133c0) 
thrown [s\src\hotspot\share\interpreter\linkResolver.cpp, line 773]
Event: 55.521 Thread 0x000001a791bf5a00 Exception <a 'java/lang/NoSuchMethodError'{0x000000070b314590}: 'java.lang.Object java.lang.invoke.DirectMethodHandle$Holder.invokeSpecial(java.lang.Object, java.lang.Object, java.lang.Object, java.lang.Object, java.lang.Object, long)'> (0x000000070b314590) 
thrown [s\src\hotspot\share\interpreter\linkResolver.cpp, line 773]
Event: 55.521 Thread 0x000001a791bf5a00 Exception <a 'java/lang/NoSuchMethodError'{0x000000070b317d70}: 'java.lang.Object java.lang.invoke.Invokers$Holder.linkToTargetMethod(java.lang.Object, java.lang.Object, java.lang.Object, long, java.lang.Object)'> (0x000000070b317d70) 
thrown [s\src\hotspot\share\interpreter\linkResolver.cpp, line 773]
Event: 55.754 Thread 0x000001a791bf5a00 Exception <a 'java/lang/NoClassDefFoundError'{0x0000000706119320}: com/fasterxml/jackson/databind/ObjectMapper> (0x0000000706119320) 
thrown [s\src\hotspot\share\classfile\systemDictionary.cpp, line 301]
Event: 215.906 Thread 0x000001a792bdbbc0 Exception <a 'java/lang/NoSuchMethodError'{0x0000000706d47190}: 'java.lang.Object java.lang.invoke.DirectMethodHandle$Holder.newInvokeSpecial(java.lang.Object, java.lang.Object, java.lang.Object, java.lang.Object, int)'> (0x0000000706d47190) 
thrown [s\src\hotspot\share\interpreter\linkResolver.cpp, line 773]
Event: 215.906 Thread 0x000001a792bdbbc0 Exception <a 'java/lang/NoSuchMethodError'{0x0000000706d4af20}: 'java.lang.Object java.lang.invoke.DirectMethodHandle$Holder.invokeSpecial(java.lang.Object, java.lang.Object, java.lang.Object, java.lang.Object, java.lang.Object, int)'> (0x0000000706d4af20) 
thrown [s\src\hotspot\share\interpreter\linkResolver.cpp, line 773]
Event: 215.906 Thread 0x000001a792bdbbc0 Exception <a 'java/lang/NoSuchMethodError'{0x0000000706d4e518}: 'java.lang.Object java.lang.invoke.Invokers$Holder.linkToTargetMethod(java.lang.Object, java.lang.Object, java.lang.Object, int, java.lang.Object)'> (0x0000000706d4e518) 
thrown [s\src\hotspot\share\interpreter\linkResolver.cpp, line 773]
Event: 215.925 Thread 0x000001a791bf6db0 Exception <a 'java/lang/InterruptedException'{0x0000000706b77a90}: sleep interrupted> (0x0000000706b77a90) 
thrown [s\src\hotspot\share\prims\jvm.cpp, line 3087]
Event: 215.963 Thread 0x000001a792bd7a20 Exception <a 'sun/nio/fs/WindowsException'{0x000000070aad29f0}> (0x000000070aad29f0) 
thrown [s\src\hotspot\share\prims\jni.cpp, line 520]
Event: 216.107 Thread 0x000001a792bd7a20 Exception <a 'java/lang/NoSuchMethodError'{0x000000070634aaf8}: 'void java.lang.invoke.DelegatingMethodHandle$Holder.reinvoke_L(java.lang.Object, java.lang.Object, int)'> (0x000000070634aaf8) 
thrown [s\src\hotspot\share\interpreter\linkResolver.cpp, line 773]
Event: 216.137 Thread 0x000001a792bd7a20 Exception <a 'java/lang/NoSuchMethodError'{0x0000000705f0cf38}: 'int java.lang.invoke.DirectMethodHandle$Holder.invokeVirtual(java.lang.Object, java.lang.Object, java.lang.Object, java.lang.Object)'> (0x0000000705f0cf38) 
thrown [s\src\hotspot\share\interpreter\linkResolver.cpp, line 773]
Event: 216.137 Thread 0x000001a792bd7a20 Exception <a 'java/lang/NoSuchMethodError'{0x0000000705f10530}: 'int java.lang.invoke.DelegatingMethodHandle$Holder.reinvoke_L(java.lang.Object, java.lang.Object, java.lang.Object, java.lang.Object)'> (0x0000000705f10530) 
thrown [s\src\hotspot\share\interpreter\linkResolver.cpp, line 773]
Event: 216.141 Thread 0x000001a792bd7a20 Exception <a 'java/io/FileNotFoundException'{0x0000000705f50070}> (0x0000000705f50070) 
thrown [s\src\hotspot\share\prims\jni.cpp, line 520]
Event: 216.155 Thread 0x000001a792bd7a20 Exception <a 'java/io/FileNotFoundException'{0x0000000705c3dcb0}> (0x0000000705c3dcb0) 
thrown [s\src\hotspot\share\prims\jni.cpp, line 520]

ZGC Phase Switch (0 events):
No events

VM Operations (20 events):
Event: 211.712 Executing VM operation: Cleanup
Event: 211.712 Executing VM operation: Cleanup done
Event: 214.855 Executing VM operation: RedefineClasses
Event: 214.868 Executing VM operation: RedefineClasses done
Event: 215.926 Executing VM operation: G1CollectFull (System.gc())
Event: 215.950 Executing VM operation: G1CollectFull (System.gc()) done
Event: 216.961 Executing VM operation: Cleanup
Event: 216.961 Executing VM operation: Cleanup done
Event: 240.526 Executing VM operation: HandshakeAllThreads (HandshakeForDeflation)
Event: 240.526 Executing VM operation: HandshakeAllThreads (HandshakeForDeflation) done
Event: 240.526 Executing VM operation: RendezvousGCThreads
Event: 240.526 Executing VM operation: RendezvousGCThreads done
Event: 244.791 Executing VM operation: ChangeSingleStep
Event: 244.791 Executing VM operation: ChangeSingleStep done
Event: 244.793 Executing VM operation: ChangeSingleStep
Event: 244.793 Executing VM operation: ChangeSingleStep done
Event: 244.800 Executing VM operation: RedefineClasses
Event: 244.809 Executing VM operation: RedefineClasses done
Event: 244.812 Executing VM operation: ChangeSingleStep
Event: 244.812 Executing VM operation: ChangeSingleStep done

Memory protections (0 events):
No events

Nmethod flushes (20 events):
Event: 215.937 Thread 0x000001a74b9625d0 flushing  nmethod 0x000001a741168790
Event: 215.937 Thread 0x000001a74b9625d0 flushing  nmethod 0x000001a7411d1310
Event: 215.937 Thread 0x000001a74b9625d0 flushing  nmethod 0x000001a741253e90
Event: 215.937 Thread 0x000001a74b9625d0 flushing  nmethod 0x000001a7416ec310
Event: 215.937 Thread 0x000001a74b9625d0 flushing  nmethod 0x000001a74170f590
Event: 215.937 Thread 0x000001a74b9625d0 flushing  nmethod 0x000001a741751f10
Event: 215.937 Thread 0x000001a74b9625d0 flushing  nmethod 0x000001a741760d10
Event: 215.937 Thread 0x000001a74b9625d0 flushing  nmethod 0x000001a74178ca10
Event: 215.937 Thread 0x000001a74b9625d0 flushing  nmethod 0x000001a7417ae390
Event: 215.937 Thread 0x000001a74b9625d0 flushing  nmethod 0x000001a741817c10
Event: 215.937 Thread 0x000001a74b9625d0 flushing  nmethod 0x000001a74183c190
Event: 215.937 Thread 0x000001a74b9625d0 flushing  nmethod 0x000001a741476090
Event: 215.937 Thread 0x000001a74b9625d0 flushing  nmethod 0x000001a741495d10
Event: 215.937 Thread 0x000001a74b9625d0 flushing  nmethod 0x000001a7414ad510
Event: 215.937 Thread 0x000001a74b9625d0 flushing  nmethod 0x000001a7414eb290
Event: 215.937 Thread 0x000001a74b9625d0 flushing  nmethod 0x000001a741637810
Event: 215.937 Thread 0x000001a74b9625d0 flushing  nmethod 0x000001a741644490
Event: 215.937 Thread 0x000001a74b9625d0 flushing  nmethod 0x000001a74169d490
Event: 215.937 Thread 0x000001a74b9625d0 flushing  nmethod 0x000001a741707390
Event: 215.937 Thread 0x000001a74b9625d0 flushing  nmethod 0x000001a741745d90

Events (20 events):
Event: 215.915 Thread 0x000001a792bd80b0 Thread exited: 0x000001a792bd80b0
Event: 215.915 Thread 0x000001a792bd8740 Thread exited: 0x000001a792bd8740
Event: 215.915 Thread 0x000001a792bd6670 Thread exited: 0x000001a792bd6670
Event: 215.915 Thread 0x000001a792bd7a20 Thread exited: 0x000001a792bd7a20
Event: 215.915 Thread 0x000001a791bf5a00 Thread exited: 0x000001a791bf5a00
Event: 215.915 Thread 0x000001a792bd7390 Thread exited: 0x000001a792bd7390
Event: 215.924 Thread 0x000001a792bdbbc0 Thread added: 0x000001a792bd6d00
Event: 215.925 Thread 0x000001a791bf6090 Thread exited: 0x000001a791bf6090
Event: 215.925 Thread 0x000001a791bf6db0 Thread exited: 0x000001a791bf6db0
Event: 215.925 Thread 0x000001a791bf6720 Thread exited: 0x000001a791bf6720
Event: 215.952 Thread 0x000001a792bdbbc0 Thread added: 0x000001a792bd8dd0
Event: 215.952 Thread 0x000001a792bd8dd0 Thread exited: 0x000001a792bd8dd0
Event: 215.953 Thread 0x000001a792bdbbc0 Thread added: 0x000001a792bd7a20
Event: 215.978 Thread 0x000001a74b9a8420 Thread added: 0x000001a7919f48e0
Event: 215.996 Thread 0x000001a792bd7a20 Thread added: 0x000001a792bd5950
Event: 216.000 Thread 0x000001a792bd5950 Thread exited: 0x000001a792bd5950
Event: 216.155 Thread 0x000001a792bd7a20 Thread added: 0x000001a792bd6670
Event: 216.156 Thread 0x000001a792bd7a20 Thread added: 0x000001a792bd80b0
Event: 216.156 Thread 0x000001a792bd7a20 Thread added: 0x000001a792bd8740
Event: 221.162 Thread 0x000001a7919f48e0 Thread exited: 0x000001a7919f48e0


Dynamic libraries:
0x00007ff755030000 - 0x00007ff75503e000 	C:\pleiades\2025-12\java\21\bin\javaw.exe
0x00007ffb979a0000 - 0x00007ffb97c07000 	C:\WINDOWS\SYSTEM32\ntdll.dll
0x00007ffb97730000 - 0x00007ffb977f9000 	C:\WINDOWS\System32\KERNEL32.DLL
0x00007ffb94e50000 - 0x00007ffb9523f000 	C:\WINDOWS\System32\KERNELBASE.dll
0x00007ffb95560000 - 0x00007ffb956ab000 	C:\WINDOWS\System32\ucrtbase.dll
0x00007ffb7bcf0000 - 0x00007ffb7bd08000 	C:\pleiades\2025-12\java\21\bin\jli.dll
0x00007ffb7bbd0000 - 0x00007ffb7bbee000 	C:\pleiades\2025-12\java\21\bin\VCRUNTIME140.dll
0x00007ffb95e10000 - 0x00007ffb95fd5000 	C:\WINDOWS\System32\USER32.dll
0x00007ffb953d0000 - 0x00007ffb953f7000 	C:\WINDOWS\System32\win32u.dll
0x00007ffb7a0c0000 - 0x00007ffb7a353000 	C:\WINDOWS\WinSxS\amd64_microsoft.windows.common-controls_6595b64144ccf1df_6.0.26100.7309_none_3e05feeae336a044\COMCTL32.dll
0x00007ffb96310000 - 0x00007ffb9633b000 	C:\WINDOWS\System32\GDI32.dll
0x00007ffb95a50000 - 0x00007ffb95af9000 	C:\WINDOWS\System32\msvcrt.dll
0x00007ffb94bb0000 - 0x00007ffb94cdc000 	C:\WINDOWS\System32\gdi32full.dll
0x00007ffb95400000 - 0x00007ffb954a3000 	C:\WINDOWS\System32\msvcp_win.dll
0x00007ffb96970000 - 0x00007ffb969a1000 	C:\WINDOWS\System32\IMM32.DLL
0x00007ffb884c0000 - 0x00007ffb884cc000 	C:\pleiades\2025-12\java\21\bin\vcruntime140_1.dll
0x00007ffb752d0000 - 0x00007ffb7535d000 	C:\pleiades\2025-12\java\21\bin\msvcp140.dll
0x00007ffb33930000 - 0x00007ffb346d0000 	C:\pleiades\2025-12\java\21\bin\server\jvm.dll
0x00007ffb97660000 - 0x00007ffb97714000 	C:\WINDOWS\System32\ADVAPI32.dll
0x00007ffb96160000 - 0x00007ffb96206000 	C:\WINDOWS\System32\sechost.dll
0x00007ffb95930000 - 0x00007ffb95a48000 	C:\WINDOWS\System32\RPCRT4.dll
0x00007ffb957c0000 - 0x00007ffb95834000 	C:\WINDOWS\System32\WS2_32.dll
0x00007ffb94950000 - 0x00007ffb949ae000 	C:\WINDOWS\SYSTEM32\POWRPROF.dll
0x00007ffb8d0c0000 - 0x00007ffb8d0f5000 	C:\WINDOWS\SYSTEM32\WINMM.dll
0x00007ffb83ee0000 - 0x00007ffb83eeb000 	C:\WINDOWS\SYSTEM32\VERSION.dll
0x00007ffb94930000 - 0x00007ffb94944000 	C:\WINDOWS\SYSTEM32\UMPDC.dll
0x00007ffb938a0000 - 0x00007ffb938bb000 	C:\WINDOWS\SYSTEM32\kernel.appcore.dll
0x00007ffb8cf00000 - 0x00007ffb8cf0a000 	C:\pleiades\2025-12\java\21\bin\jimage.dll
0x00007ffb7ef20000 - 0x00007ffb7f162000 	C:\WINDOWS\SYSTEM32\DBGHELP.DLL
0x00007ffb965e0000 - 0x00007ffb96966000 	C:\WINDOWS\System32\combase.dll
0x00007ffb96080000 - 0x00007ffb96156000 	C:\WINDOWS\System32\OLEAUT32.dll
0x00007ffb7d6a0000 - 0x00007ffb7d6dc000 	C:\WINDOWS\SYSTEM32\dbgcore.DLL
0x00007ffb954b0000 - 0x00007ffb95555000 	C:\WINDOWS\System32\bcryptPrimitives.dll
0x00007ffb75470000 - 0x00007ffb754ac000 	C:\pleiades\2025-12\java\21\bin\jdwp.dll
0x00007ffb888a0000 - 0x00007ffb888af000 	C:\pleiades\2025-12\java\21\bin\instrument.dll
0x00007ffb7bd10000 - 0x00007ffb7bd30000 	C:\pleiades\2025-12\java\21\bin\java.dll
0x00007ffb96f00000 - 0x00007ffb97653000 	C:\WINDOWS\System32\SHELL32.dll
0x00007ffb94ce0000 - 0x00007ffb94e4a000 	C:\WINDOWS\System32\wintypes.dll
0x00007ffb926d0000 - 0x00007ffb92f2e000 	C:\WINDOWS\SYSTEM32\windows.storage.dll
0x00007ffb97860000 - 0x00007ffb97955000 	C:\WINDOWS\System32\SHCORE.dll
0x00007ffb958c0000 - 0x00007ffb95926000 	C:\WINDOWS\System32\shlwapi.dll
0x00007ffb94a10000 - 0x00007ffb94a39000 	C:\WINDOWS\SYSTEM32\profapi.dll
0x00007ffb7ba00000 - 0x00007ffb7ba0c000 	C:\pleiades\2025-12\java\21\bin\dt_socket.dll
0x00007ffb932e0000 - 0x00007ffb93314000 	C:\WINDOWS\SYSTEM32\IPHLPAPI.DLL
0x00007ffb93e10000 - 0x00007ffb93e7b000 	C:\WINDOWS\system32\mswsock.dll
0x00007ffb93380000 - 0x00007ffb934ac000 	C:\WINDOWS\SYSTEM32\DNSAPI.dll
0x00007ffb97720000 - 0x00007ffb9772a000 	C:\WINDOWS\System32\NSI.dll
0x00007ffb8cf50000 - 0x00007ffb8cf5b000 	C:\Windows\System32\rasadhlp.dll
0x00007ffb87750000 - 0x00007ffb877d6000 	C:\WINDOWS\System32\fwpuclnt.dll
0x00007ffb7bc40000 - 0x00007ffb7bc58000 	C:\pleiades\2025-12\java\21\bin\zip.dll
0x00007ffb88870000 - 0x00007ffb88880000 	C:\pleiades\2025-12\java\21\bin\net.dll
0x00007ffb86020000 - 0x00007ffb86148000 	C:\WINDOWS\SYSTEM32\WINHTTP.dll
0x00007ffb7bc20000 - 0x00007ffb7bc36000 	C:\pleiades\2025-12\java\21\bin\nio.dll
0x00007ffb7ae30000 - 0x00007ffb7ae3a000 	C:\pleiades\2025-12\java\21\bin\management.dll
0x00007ffb7a8d0000 - 0x00007ffb7a8dc000 	C:\pleiades\2025-12\java\21\bin\management_ext.dll
0x00007ffb957b0000 - 0x00007ffb957b8000 	C:\WINDOWS\System32\PSAPI.DLL
0x00007ffb70900000 - 0x00007ffb70918000 	C:\WINDOWS\system32\napinsp.dll
0x00007ffb708e0000 - 0x00007ffb708f2000 	C:\WINDOWS\System32\winrnr.dll
0x00007ffb3aef0000 - 0x00007ffb3af12000 	C:\WINDOWS\system32\nlansp_c.dll
0x00007ffb7ba50000 - 0x00007ffb7ba66000 	C:\WINDOWS\system32\wshbth.dll
0x00007ffb7af10000 - 0x00007ffb7af20000 	C:\pleiades\2025-12\java\21\bin\verify.dll
0x00007ffb940d0000 - 0x00007ffb940eb000 	C:\WINDOWS\SYSTEM32\CRYPTSP.dll
0x00007ffb93800000 - 0x00007ffb9383a000 	C:\WINDOWS\system32\rsaenh.dll
0x00007ffb93ec0000 - 0x00007ffb93eeb000 	C:\WINDOWS\SYSTEM32\USERENV.dll
0x00007ffb949e0000 - 0x00007ffb94a0a000 	C:\WINDOWS\SYSTEM32\bcrypt.dll
0x00007ffb940f0000 - 0x00007ffb940fc000 	C:\WINDOWS\SYSTEM32\CRYPTBASE.dll
0x00007ffb7ba10000 - 0x00007ffb7ba19000 	C:\pleiades\2025-12\java\21\bin\extnet.dll
0x00007ffb88680000 - 0x00007ffb8868e000 	C:\pleiades\2025-12\java\21\bin\sunmscapi.dll
0x00007ffb95250000 - 0x00007ffb953c7000 	C:\WINDOWS\System32\CRYPT32.dll
0x00007ffb942f0000 - 0x00007ffb94320000 	C:\WINDOWS\SYSTEM32\ncrypt.dll
0x00007ffb942a0000 - 0x00007ffb942df000 	C:\WINDOWS\SYSTEM32\NTASN1.dll
0x00007ffb55ed0000 - 0x00007ffb55ed8000 	C:\WINDOWS\system32\wshunix.dll

JVMTI agents:
jdwp path:C:\pleiades\2025-12\java\21\bin\jdwp.dll, loaded, initialized, options:transport=dt_socket,suspend=y,address=localhost:55442
C:\pleiades\2025-12\eclipse\configuration\org.eclipse.osgi\258\0\.cp\lib\javaagent-shaded.jar path:C:\pleiades\2025-12\java\21\bin\instrument.dll, loaded, initialized, instrumentlib options:none

dbghelp: loaded successfully - version: 4.0.5 - missing functions: none
symbol engine: initialized successfully - sym options: 0x614 - pdb path: .;C:\pleiades\2025-12\java\21\bin;C:\WINDOWS\SYSTEM32;C:\WINDOWS\WinSxS\amd64_microsoft.windows.common-controls_6595b64144ccf1df_6.0.26100.7309_none_3e05feeae336a044;C:\pleiades\2025-12\java\21\bin\server

VM Arguments:
jvm_args: -XX:+ShowCodeDetailsInExceptionMessages -agentlib:jdwp=transport=dt_socket,suspend=y,address=localhost:55442 -Dcom.sun.management.jmxremote -Dcom.sun.management.jmxremote.port=55441 -Dcom.sun.management.jmxremote.authenticate=false -Dcom.sun.management.jmxremote.ssl=false -Djava.rmi.server.hostname=localhost -Dspring.jmx.enabled=true -Dmanagement.endpoints.jmx.exposure.include=* -Dspring.application.admin.enabled=true -Dspring.output.ansi.enabled=always -XX:TieredStopAtLevel=1 -Dspring.boot.project.name=ZaikoKanri -javaagent:C:\pleiades\2025-12\eclipse\configuration\org.eclipse.osgi\258\0\.cp\lib\javaagent-shaded.jar -Dfile.encoding=UTF-8 -Dstdout.encoding=UTF-8 -Dstderr.encoding=UTF-8 
java_command: com.example.demo.ZaikoKanriApplication
java_class_path (initial): C:\Users\User157dc\git\portfolio-inventory-system\ZaikoKanri\target\classes;C:\Users\User157dc\.m2\repository\org\springframework\boot\spring-boot-starter-thymeleaf\4.0.2\spring-boot-starter-thymeleaf-4.0.2.jar;C:\Users\User157dc\.m2\repository\org\springframework\boot\spring-boot-starter\4.0.2\spring-boot-starter-4.0.2.jar;C:\Users\User157dc\.m2\repository\org\springframework\boot\spring-boot-starter-logging\4.0.2\spring-boot-starter-logging-4.0.2.jar;C:\Users\User157dc\.m2\repository\ch\qos\logback\logback-classic\1.5.25\logback-classic-1.5.25.jar;C:\Users\User157dc\.m2\repository\ch\qos\logback\logback-core\1.5.25\logback-core-1.5.25.jar;C:\Users\User157dc\.m2\repository\org\apache\logging\log4j\log4j-to-slf4j\2.25.3\log4j-to-slf4j-2.25.3.jar;C:\Users\User157dc\.m2\repository\org\apache\logging\log4j\log4j-api\2.25.3\log4j-api-2.25.3.jar;C:\Users\User157dc\.m2\repository\org\slf4j\jul-to-slf4j\2.0.17\jul-to-slf4j-2.0.17.jar;C:\Users\User157dc\.m2\repository\jakarta\annotation\jakarta.annotation-api\3.0.0\jakarta.annotation-api-3.0.0.jar;C:\Users\User157dc\.m2\repository\org\yaml\snakeyaml\2.5\snakeyaml-2.5.jar;C:\Users\User157dc\.m2\repository\org\springframework\boot\spring-boot-thymeleaf\4.0.2\spring-boot-thymeleaf-4.0.2.jar;C:\Users\User157dc\.m2\repository\org\thymeleaf\thymeleaf-spring6\3.1.3.RELEASE\thymeleaf-spring6-3.1.3.RELEASE.jar;C:\Users\User157dc\.m2\repository\org\thymeleaf\thymeleaf\3.1.3.RELEASE\thymeleaf-3.1.3.RELEASE.jar;C:\Users\User157dc\.m2\repository\org\attoparser\attoparser\2.0.7.RELEASE\attoparser-2.0.7.RELEASE.jar;C:\Users\User157dc\.m2\repository\org\unbescape\unbescape\1.1.6.RELEASE\unbescape-1.1.6.RELEASE.jar;C:\Users\User157dc\.m2\repository\org\slf4j\slf4j-api\2.0.17\slf4j-api-2.0.17.jar;C:\Users\User157dc\.m2\repository\org\springframework\spring-web\7.0.3\spring-web-7.0.3.jar;C:\Users\User157dc\.m2\repository\org\springframework\spring-beans\7.0.3\spring-beans-7.0.3.jar;C:\Users\User157dc\.m2\repository\io\micrometer\micrometer-observation\1.16.2\micrometer-observation-1.16.2.jar;C:\Users\User157dc\.m2\repository\io\micrometer\micrometer-commons\1.16.2\micrometer-commons-1.16.2.jar;C:\Users\User157dc\.m2\repository\org\springframework\boot\spring-boot-starter-validation\4.0.2\spring-boot-starter-validation-4.0.2.jar;C:\Users\User157dc\.m2\repository\org\springframework\boot\spring-boot-validation\4.0.2\spring-boot-validation-4.0.2.jar;C:\Users\User157dc\.m2\repository\org\apache\tomcat\embed\tomcat-embed-el\11.0.15\tomcat-embed-el-11.0.15.jar;C:\Users\User157dc\.m2\repository\org\hibernate\validator\hibernate-validator\9.0.1.Final\hibernate-validator-9.0.1.Final.jar;C:\Users\User157dc\.m2\repository\jakarta\validation\jakarta.validation-api\3.1.1\jakarta.validation-api-3.1.1.jar;C:\Users\User157dc\.m2\repository\org\jboss\logging\jboss-logging\3.6.1.Final\jboss-logging-3.6.1.Final.jar;C:\Users\User157dc\.m2\repository\com\fasterxml\classmate\1.7.3\classmate-1.7.3.jar;C:\Users\User157dc\.m2\repository\org\springframework\boot\spring-boot-starter-webmvc\4.0.2\spring-boot-starter-webmvc-4.0.2.jar;C:\Users\User157dc\.m2\repository\org\springframework\boot\spring-boot-starter-jackson\4.0.2\spring-boot-starter-jackson-4.0.2.jar;C:\Users\User157dc\.m2\repository\org\springframework\boot\spring-boot-jackson\4.0.2\spring-boot-jackson-4.0.2.jar;C:\Users\User157dc\.m2\repository\tools\jackson\core\jackson-databind\3.0.4\jackson-databind-3.0.4.jar;C:\Users\User157dc\.m2\repository\com\fasterxml\jackson\core\jackson-annotations\2.20\jackson-annotations-2.20.jar;C:\Users\User157dc\.m2\repository\tools\jackson\core\jackson-core\3.0.4\jackson-core-3.0.4.jar;C:\Users\User157dc\.m2\repository\org\springframework\boot\spring-boot-starter-tomcat\4.0.2\spring-boot-starter-tomcat-4.0.2.jar;C:\Users\User157dc\.m2\repository\org\springframework\boot\spring-boot-starter-tomcat-runtime\4.0.2\spring-boot-starter-tomcat-runtime-4.0.2.jar;C:\Users\User157dc\.m2\repository\org\apache\tomcat\embed\tomcat-embed-core\11.0.15\tomcat-embed-core-11.0.15.jar;C:\Users\User157dc\.m2\repository\org\apache\tomcat\embed\tomcat-embed-websocket\11.0.15\tomcat-embed-websocket-11.0.15.jar;C:\Users\User157dc\.m2\repository\org\springframework\boot\spring-boot-tomcat\4.0.2\spring-boot-tomcat-4.0.2.jar;C:\Users\User157dc\.m2\repository\org\springframework\boot\spring-boot-http-converter\4.0.2\spring-boot-http-converter-4.0.2.jar;C:\Users\User157dc\.m2\repository\org\springframework\boot\spring-boot-webmvc\4.0.2\spring-boot-webmvc-4.0.2.jar;C:\Users\User157dc\.m2\repository\org\springframework\boot\spring-boot-servlet\4.0.2\spring-boot-servlet-4.0.2.jar;C:\Users\User157dc\.m2\repository\org\springframework\spring-webmvc\7.0.3\spring-webmvc-7.0.3.jar;C:\Users\User157dc\.m2\repository\org\springframework\spring-aop\7.0.3\spring-aop-7.0.3.jar;C:\Users\User157dc\.m2\repository\org\springframework\spring-expression\7.0.3\spring-expression-7.0.3.jar;C:\Users\User157dc\.m2\repository\org\springframework\boot\spring-boot-devtools\4.0.2\spring-boot-devtools-4.0.2.jar;C:\Users\User157dc\.m2\repository\org\springframework\boot\spring-boot\4.0.2\spring-boot-4.0.2.jar;C:\Users\User157dc\.m2\repository\org\springframework\spring-core\7.0.3\spring-core-7.0.3.jar;C:\Users\User157dc\.m2\repository\commons-logging\commons-logging\1.3.5\commons-logging-1.3.5.jar;C:\Users\User157dc\.m2\repository\org\jspecify\jspecify\1.0.0\jspecify-1.0.0.jar;C:\Users\User157dc\.m2\repository\org\springframework\spring-context\7.0.3\spring-context-7.0.3.jar;C:\Users\User157dc\.m2\repository\org\springframework\boot\spring-boot-autoconfigure\4.0.2\spring-boot-autoconfigure-4.0.2.jar;C:\Users\User157dc\.m2\repository\com\mysql\mysql-connector-j\9.5.0\mysql-connector-j-9.5.0.jar;C:\Users\User157dc\.m2\repository\org\projectlombok\lombok\1.18.42\lombok-1.18.42.jar;C:\Users\User157dc\.m2\repository\org\springframework\boot\spring-boot-web-server\4.0.2\spring-boot-web-server-4.0.2.jar
Launcher Type: SUN_STANDARD

[Global flags]
     intx CICompilerCount                          = 4                                         {product} {ergonomic}
     uint ConcGCThreads                            = 2                                         {product} {ergonomic}
     uint G1ConcRefinementThreads                  = 8                                         {product} {ergonomic}
   size_t G1HeapRegionSize                         = 2097152                                   {product} {ergonomic}
    uintx GCDrainStackTargetSize                   = 64                                        {product} {ergonomic}
   size_t InitialHeapSize                          = 266338304                                 {product} {ergonomic}
     bool ManagementServer                         = true                                      {product} {command line}
   size_t MarkStackSize                            = 4194304                                   {product} {ergonomic}
   size_t MaxHeapSize                              = 4238344192                                {product} {ergonomic}
   size_t MaxNewSize                               = 2541748224                                {product} {ergonomic}
   size_t MinHeapDeltaBytes                        = 2097152                                   {product} {ergonomic}
   size_t MinHeapSize                              = 8388608                                   {product} {ergonomic}
    uintx NonNMethodCodeHeapSize                   = 4096                                   {pd product} {ergonomic}
    uintx NonProfiledCodeHeapSize                  = 0                                      {pd product} {ergonomic}
     bool ProfileInterpreter                       = false                                  {pd product} {command line}
    uintx ProfiledCodeHeapSize                     = 0                                      {pd product} {ergonomic}
     bool ShowCodeDetailsInExceptionMessages       = true                                   {manageable} {command line}
   size_t SoftMaxHeapSize                          = 4238344192                             {manageable} {ergonomic}
     intx TieredStopAtLevel                        = 1                                         {product} {command line}
     bool UseCompressedOops                        = true                           {product lp64_product} {ergonomic}
     bool UseG1GC                                  = true                                      {product} {ergonomic}
     bool UseLargePagesIndividualAllocation        = false                                  {pd product} {ergonomic}

Logging:
Log output configuration:
 #0: stdout all=warning uptime,level,tags foldmultilines=false
 #1: stderr all=off uptime,level,tags foldmultilines=false

Release file:
IMPLEMENTOR="Eclipse Adoptium" 
IMPLEMENTOR_VERSION="Temurin-21.0.9+10" 
JAVA_RUNTIME_VERSION="21.0.9+10-LTS" 
JAVA_VERSION="21.0.9" 
JAVA_VERSION_DATE="2025-10-21" 
LIBC="default" 
MODULES="java.base java.compiler java.datatransfer java.xml java.prefs java.desktop java.instrument java.logging java.management java.security.sasl java.naming java.rmi java.management.rmi java.net.http java.scripting java.security.jgss java.transaction.xa java.sql java.sql.rowset java.xml.crypto java.se java.smartcardio jdk.accessibility jdk.internal.jvmstat jdk.attach jdk.charsets jdk.internal.opt jdk.zipfs jdk.compiler jdk.crypto.ec jdk.crypto.cryptoki jdk.crypto.mscapi jdk.dynalink jdk.internal.ed jdk.editpad jdk.hotspot.agent jdk.httpserver jdk.incubator.vector jdk.internal.le jdk.internal.vm.ci jdk.internal.vm.compiler jdk.internal.vm.compiler.management jdk.jartool jdk.javadoc jdk.jcmd jdk.management jdk.management.agent jdk.jconsole jdk.jdeps jdk.jdwp.agent jdk.jdi jdk.jfr jdk.jlink jdk.jpackage jdk.jshell jdk.jsobject jdk.jstatd jdk.localedata jdk.management.jfr jdk.naming.dns jdk.naming.rmi jdk.net jdk.nio.mapmode jdk.random jdk.sctp jdk.security.auth jdk.security.jgss jdk.unsupported jdk.unsupported.desktop jdk.xml.dom" 
OS_ARCH="x86_64" 
OS_NAME="Windows" 
SOURCE=".:git:759062135b07" 
BUILD_SOURCE="git:839fa0b45d809157cffd3dc8515aad262a4a1776"
BUILD_SOURCE_REPO="https://github.com/adoptium/temurin-build.git"
SOURCE_REPO="https://github.com/adoptium/jdk21u.git"
FULL_VERSION="21.0.9+10-LTS"
SEMANTIC_VERSION="21.0.9+10"
BUILD_INFO="OS: Windows Server 2022 Version: 10.0"
JVM_VARIANT="Hotspot"
JVM_VERSION="21.0.9+10-LTS"
IMAGE_TYPE="JDK"

Environment Variables:
PATH=C:/pleiades/2025-12/java/21/bin/server;C:/pleiades/2025-12/java/21/bin;C:\WINDOWS\system32;C:\WINDOWS;C:\WINDOWS\System32\Wbem;C:\WINDOWS\System32\WindowsPowerShell\v1.0\;C:\WINDOWS\System32\OpenSSH\;C:\Program Files\Git\cmd;C:\Users\User157dc\AppData\Local\Microsoft\WindowsApps;;C:\Users\User157dc\AppData\Local\Programs\Microsoft VS Code\bin;C:\pleiades\2025-12\eclipse;
USERNAME=User157dc
OS=Windows_NT
PROCESSOR_IDENTIFIER=Intel64 Family 6 Model 140 Stepping 2, GenuineIntel
TMP=C:\Users\USER15~1\AppData\Local\Temp
TEMP=C:\Users\USER15~1\AppData\Local\Temp




Periodic native trim disabled

---------------  S Y S T E M  ---------------

OS:
 Windows 11 , 64 bit Build 26100 (10.0.26100.7623)
OS uptime: 0 days 4:35 hours
Hyper-V role detected

CPU: total 8 (initial active 8) (4 cores per cpu, 2 threads per core) family 6 model 140 stepping 2 microcode 0x28, cx8, cmov, fxsr, ht, mmx, 3dnowpref, sse, sse2, sse3, ssse3, sse4.1, sse4.2, popcnt, lzcnt, tsc, tscinvbit, avx, avx2, aes, erms, clmul, bmi1, bmi2, adx, avx512f, avx512dq, avx512cd, avx512bw, avx512vl, sha, fma, vzeroupper, avx512_vpopcntdq, avx512_vpclmulqdq, avx512_vaes, avx512_vnni, clflush, clflushopt, clwb, avx512_vbmi2, avx512_vbmi, hv, rdtscp, rdpid, fsrm, gfni, avx512_bitalg, f16c, cet_ibt, cet_ss, avx512_ifma
Processor Information for processor 0
  Max Mhz: 2496, Current Mhz: 2496, Mhz Limit: 2496
Processor Information for processor 1
  Max Mhz: 2496, Current Mhz: 2496, Mhz Limit: 2496
Processor Information for processor 2
  Max Mhz: 2496, Current Mhz: 2496, Mhz Limit: 2496
Processor Information for processor 3
  Max Mhz: 2496, Current Mhz: 2496, Mhz Limit: 2496
Processor Information for processor 4
  Max Mhz: 2496, Current Mhz: 1198, Mhz Limit: 2496
Processor Information for processor 5
  Max Mhz: 2496, Current Mhz: 2496, Mhz Limit: 2496
Processor Information for processor 6
  Max Mhz: 2496, Current Mhz: 2496, Mhz Limit: 2496
Processor Information for processor 7
  Max Mhz: 2496, Current Mhz: 2496, Mhz Limit: 2496

Memory: 4k page, system-wide physical 16163M (4218M free)
TotalPageFile size 17187M (AvailPageFile size 1994M)
current process WorkingSet (physical memory assigned to process): 177M, peak: 246M
current process commit charge ("private bytes"): 213M, peak: 377M

vm_info: OpenJDK 64-Bit Server VM (21.0.9+10-LTS) for windows-amd64 JRE (21.0.9+10-LTS), built on 2025-10-21T00:00:00Z by "admin" with unknown MS VC++:1942

END.
